============================= test session starts =============================
platform win32 -- Python 3.14.3, pytest-7.4.4, pluggy-1.6.0
PyQt6 6.6.1 -- Qt runtime 6.6.1 -- Qt compiled 6.6.1
rootdir: D:\Dev\GitHub\aiopsstudio_blockstock\aiopsstudio_blockstock
configfile: pytest.ini
plugins: cov-4.1.0, qt-4.3.1
collected 57 items

tests\test_csv_import.py .                                               [  1%]
tests\test_data_service.py ....................                          [ 36%]
tests\test_db_repair.py .                                                [ 38%]
tests\test_integration.py ....                                           [ 45%]
tests\test_void_workflow.py .................                            [ 75%]
tests\test_weighted_average.py ..............                            [100%]

============================= 57 passed in 3.50s ==============================
